2021-01-15 23:02:06 [logs] error: uncaughtException: listen EADDRINUSE: address already in use :::3000
Error: listen EADDRINUSE: address already in use :::3000
    at Server.setupListenHandle [as _listen2] (net.js:1313:16)
    at listenInCluster (net.js:1361:12)
    at Server.listen (net.js:1447:7)
    at Function.listen (C:\Users\leelk\OneDrive\ë°”íƒ• í™”ë©´\TypeScript\ts-democracy\node_modules\express\lib\application.js:618:24)
    at Object.<anonymous> (C:\Users\leelk\OneDrive\ë°”íƒ• í™”ë©´\TypeScript\ts-democracy\src\server.ts:79:5)
    at Module._compile (internal/modules/cjs/loader.js:1138:30)
    at Module.m._compile (C:\Users\leelk\OneDrive\ë°”íƒ• í™”ë©´\TypeScript\ts-democracy\node_modules\ts-node\src\index.ts:1056:23)
    at Module._extensions..js (internal/modules/cjs/loader.js:1158:10)
    at Object.require.extensions.<computed> [as .ts] (C:\Users\leelk\OneDrive\ë°”íƒ• í™”ë©´\TypeScript\ts-democracy\node_modules\ts-node\src\index.ts:1059:12)
    at Module.load (internal/modules/cjs/loader.js:986:32)
2021-01-15 23:02:07 [logs] error: uncaughtException: Redis connection to 127.0.0.1:6379 failed - connect ECONNREFUSED 127.0.0.1:6379
Error: Redis connection to 127.0.0.1:6379 failed - connect ECONNREFUSED 127.0.0.1:6379
    at TCPConnectWrap.afterConnect [as oncomplete] (net.js:1141:16)
2021-01-15 23:03:25 [logs] error: uncaughtException: listen EADDRINUSE: address already in use :::3000
Error: listen EADDRINUSE: address already in use :::3000
    at Server.setupListenHandle [as _listen2] (net.js:1313:16)
    at listenInCluster (net.js:1361:12)
    at Server.listen (net.js:1447:7)
    at Function.listen (C:\Users\leelk\OneDrive\ë°”íƒ• í™”ë©´\TypeScript\ts-democracy\node_modules\express\lib\application.js:618:24)
    at Object.<anonymous> (C:\Users\leelk\OneDrive\ë°”íƒ• í™”ë©´\TypeScript\ts-democracy\src\server.ts:79:5)
    at Module._compile (internal/modules/cjs/loader.js:1138:30)
    at Module.m._compile (C:\Users\leelk\OneDrive\ë°”íƒ• í™”ë©´\TypeScript\ts-democracy\node_modules\ts-node\src\index.ts:1056:23)
    at Module._extensions..js (internal/modules/cjs/loader.js:1158:10)
    at Object.require.extensions.<computed> [as .ts] (C:\Users\leelk\OneDrive\ë°”íƒ• í™”ë©´\TypeScript\ts-democracy\node_modules\ts-node\src\index.ts:1059:12)
    at Module.load (internal/modules/cjs/loader.js:986:32)
2021-01-15 23:03:54 [logs] error: uncaughtException: listen EADDRINUSE: address already in use :::3000
Error: listen EADDRINUSE: address already in use :::3000
    at Server.setupListenHandle [as _listen2] (net.js:1313:16)
    at listenInCluster (net.js:1361:12)
    at Server.listen (net.js:1447:7)
    at Function.listen (C:\Users\leelk\OneDrive\ë°”íƒ• í™”ë©´\TypeScript\ts-democracy\node_modules\express\lib\application.js:618:24)
    at Object.<anonymous> (C:\Users\leelk\OneDrive\ë°”íƒ• í™”ë©´\TypeScript\ts-democracy\src\server.ts:79:5)
    at Module._compile (internal/modules/cjs/loader.js:1138:30)
    at Module.m._compile (C:\Users\leelk\OneDrive\ë°”íƒ• í™”ë©´\TypeScript\ts-democracy\node_modules\ts-node\src\index.ts:1056:23)
    at Module._extensions..js (internal/modules/cjs/loader.js:1158:10)
    at Object.require.extensions.<computed> [as .ts] (C:\Users\leelk\OneDrive\ë°”íƒ• í™”ë©´\TypeScript\ts-democracy\node_modules\ts-node\src\index.ts:1059:12)
    at Module.load (internal/modules/cjs/loader.js:986:32)
2021-01-15 23:04:39 [logs] error: uncaughtException: listen EADDRINUSE: address already in use :::3000
Error: listen EADDRINUSE: address already in use :::3000
    at Server.setupListenHandle [as _listen2] (net.js:1313:16)
    at listenInCluster (net.js:1361:12)
    at Server.listen (net.js:1447:7)
    at Function.listen (C:\Users\leelk\OneDrive\ë°”íƒ• í™”ë©´\TypeScript\ts-democracy\node_modules\express\lib\application.js:618:24)
    at Object.<anonymous> (C:\Users\leelk\OneDrive\ë°”íƒ• í™”ë©´\TypeScript\ts-democracy\src\server.ts:79:5)
    at Module._compile (internal/modules/cjs/loader.js:1138:30)
    at Module.m._compile (C:\Users\leelk\OneDrive\ë°”íƒ• í™”ë©´\TypeScript\ts-democracy\node_modules\ts-node\src\index.ts:1056:23)
    at Module._extensions..js (internal/modules/cjs/loader.js:1158:10)
    at Object.require.extensions.<computed> [as .ts] (C:\Users\leelk\OneDrive\ë°”íƒ• í™”ë©´\TypeScript\ts-democracy\node_modules\ts-node\src\index.ts:1059:12)
    at Module.load (internal/modules/cjs/loader.js:986:32)
2021-01-15 23:23:41 [logs] error: uncaughtException: â¨¯ Unable to compile TypeScript:
[96msrc/routes/postRouter.ts[0m:[93m17[0m:[93m22[0m - [91merror[0m[90m TS2339: [0mProperty 'searchPost' does not exist on type 'typeof import("C:/Users/leelk/OneDrive/\uBC14\uD0D5 \uD654\uBA74/TypeScript/ts-democracy/src/controllers/postController")'.

[7m17[0m  .put(postController.searchPost);
[7m  [0m [91m                     ~~~~~~~~~~[0m

TSError: â¨¯ Unable to compile TypeScript:
[96msrc/routes/postRouter.ts[0m:[93m17[0m:[93m22[0m - [91merror[0m[90m TS2339: [0mProperty 'searchPost' does not exist on type 'typeof import("C:/Users/leelk/OneDrive/\uBC14\uD0D5 \uD654\uBA74/TypeScript/ts-democracy/src/controllers/postController")'.

[7m17[0m  .put(postController.searchPost);
[7m  [0m [91m                     ~~~~~~~~~~[0m

    at createTSError (C:\Users\leelk\OneDrive\ë°”íƒ• í™”ë©´\TypeScript\ts-democracy\node_modules\ts-node\src\index.ts:513:12)
    at reportTSError (C:\Users\leelk\OneDrive\ë°”íƒ• í™”ë©´\TypeScript\ts-democracy\node_modules\ts-node\src\index.ts:517:19)
    at getOutput (C:\Users\leelk\OneDrive\ë°”íƒ• í™”ë©´\TypeScript\ts-democracy\node_modules\ts-node\src\index.ts:752:36)
    at Object.compile (C:\Users\leelk\OneDrive\ë°”íƒ• í™”ë©´\TypeScript\ts-democracy\node_modules\ts-node\src\index.ts:968:32)
    at Module.m._compile (C:\Users\leelk\OneDrive\ë°”íƒ• í™”ë©´\TypeScript\ts-democracy\node_modules\ts-node\src\index.ts:1056:42)
    at Module._extensions..js (internal/modules/cjs/loader.js:1158:10)
    at Object.require.extensions.<computed> [as .ts] (C:\Users\leelk\OneDrive\ë°”íƒ• í™”ë©´\TypeScript\ts-democracy\node_modules\ts-node\src\index.ts:1059:12)
    at Module.load (internal/modules/cjs/loader.js:986:32)
    at Function.Module._load (internal/modules/cjs/loader.js:879:14)
    at Module.require (internal/modules/cjs/loader.js:1026:19)
2021-01-15 23:26:25 [logs] error: uncaughtException: â¨¯ Unable to compile TypeScript:
[96msrc/controllers/postController.ts[0m:[93m109[0m:[93m11[0m - [91merror[0m[90m TS2454: [0mVariable 'posts' is used before being assigned.

[7m109[0m  	posts = posts.map((post) => {
[7m   [0m [91m 	        ~~~~~[0m

TSError: â¨¯ Unable to compile TypeScript:
[96msrc/controllers/postController.ts[0m:[93m109[0m:[93m11[0m - [91merror[0m[90m TS2454: [0mVariable 'posts' is used before being assigned.

[7m109[0m  	posts = posts.map((post) => {
[7m   [0m [91m 	        ~~~~~[0m

    at createTSError (C:\Users\leelk\OneDrive\ë°”íƒ• í™”ë©´\TypeScript\ts-democracy\node_modules\ts-node\src\index.ts:513:12)
    at reportTSError (C:\Users\leelk\OneDrive\ë°”íƒ• í™”ë©´\TypeScript\ts-democracy\node_modules\ts-node\src\index.ts:517:19)
    at getOutput (C:\Users\leelk\OneDrive\ë°”íƒ• í™”ë©´\TypeScript\ts-democracy\node_modules\ts-node\src\index.ts:752:36)
    at Object.compile (C:\Users\leelk\OneDrive\ë°”íƒ• í™”ë©´\TypeScript\ts-democracy\node_modules\ts-node\src\index.ts:968:32)
    at Module.m._compile (C:\Users\leelk\OneDrive\ë°”íƒ• í™”ë©´\TypeScript\ts-democracy\node_modules\ts-node\src\index.ts:1056:42)
    at Module._extensions..js (internal/modules/cjs/loader.js:1158:10)
    at Object.require.extensions.<computed> [as .ts] (C:\Users\leelk\OneDrive\ë°”íƒ• í™”ë©´\TypeScript\ts-democracy\node_modules\ts-node\src\index.ts:1059:12)
    at Module.load (internal/modules/cjs/loader.js:986:32)
    at Function.Module._load (internal/modules/cjs/loader.js:879:14)
    at Module.require (internal/modules/cjs/loader.js:1026:19)
2021-01-15 23:49:28 [logs] error: uncaughtException: â¨¯ Unable to compile TypeScript:
[96msrc/controllers/postController.ts[0m:[93m74[0m:[93m7[0m - [91merror[0m[90m TS2304: [0mCannot find name 'Op'.

[7m74[0m  				[Op.iLike]: {
[7m  [0m [91m 				 ~~[0m

TSError: â¨¯ Unable to compile TypeScript:
[96msrc/controllers/postController.ts[0m:[93m74[0m:[93m7[0m - [91merror[0m[90m TS2304: [0mCannot find name 'Op'.

[7m74[0m  				[Op.iLike]: {
[7m  [0m [91m 				 ~~[0m

    at createTSError (C:\Users\leelk\OneDrive\ë°”íƒ• í™”ë©´\TypeScript\ts-democracy\node_modules\ts-node\src\index.ts:513:12)
    at reportTSError (C:\Users\leelk\OneDrive\ë°”íƒ• í™”ë©´\TypeScript\ts-democracy\node_modules\ts-node\src\index.ts:517:19)
    at getOutput (C:\Users\leelk\OneDrive\ë°”íƒ• í™”ë©´\TypeScript\ts-democracy\node_modules\ts-node\src\index.ts:752:36)
    at Object.compile (C:\Users\leelk\OneDrive\ë°”íƒ• í™”ë©´\TypeScript\ts-democracy\node_modules\ts-node\src\index.ts:968:32)
    at Module.m._compile (C:\Users\leelk\OneDrive\ë°”íƒ• í™”ë©´\TypeScript\ts-democracy\node_modules\ts-node\src\index.ts:1056:42)
    at Module._extensions..js (internal/modules/cjs/loader.js:1158:10)
    at Object.require.extensions.<computed> [as .ts] (C:\Users\leelk\OneDrive\ë°”íƒ• í™”ë©´\TypeScript\ts-democracy\node_modules\ts-node\src\index.ts:1059:12)
    at Module.load (internal/modules/cjs/loader.js:986:32)
    at Function.Module._load (internal/modules/cjs/loader.js:879:14)
    at Module.require (internal/modules/cjs/loader.js:1026:19)
