2021-01-20 16:12:31 [logs] error: uncaughtException: â¨¯ Unable to compile TypeScript:
[96msrc/controllers/pledgeController.ts[0m:[93m262[0m:[93m21[0m - [91merror[0m[90m TS2532: [0mObject is possibly 'undefined'.

[7m262[0m  		where: { school: req.user.school }
[7m   [0m [91m 		                 ~~~~~~~~[0m
[96msrc/controllers/pledgeController.ts[0m:[93m265[0m:[93m4[0m - [91merror[0m[90m TS2322: [0mType 'Promise<Pledge>[]' is not assignable to type 'Pledge[]'.
  Type 'Promise<Pledge>' is missing the following properties from type 'Pledge': candidateId, title, content, school, and 33 more.

[7m265[0m  	[pledges, student] = await Promise.all([pledgesPromise, studentsPromise]);
[7m   [0m [91m 	 ~~~~~~~[0m
[96msrc/controllers/pledgeController.ts[0m:[93m265[0m:[93m13[0m - [91merror[0m[90m TS2304: [0mCannot find name 'student'.

[7m265[0m  	[pledges, student] = await Promise.all([pledgesPromise, studentsPromise]);
[7m   [0m [91m 	          ~~~~~~~[0m

TSError: â¨¯ Unable to compile TypeScript:
[96msrc/controllers/pledgeController.ts[0m:[93m262[0m:[93m21[0m - [91merror[0m[90m TS2532: [0mObject is possibly 'undefined'.

[7m262[0m  		where: { school: req.user.school }
[7m   [0m [91m 		                 ~~~~~~~~[0m
[96msrc/controllers/pledgeController.ts[0m:[93m265[0m:[93m4[0m - [91merror[0m[90m TS2322: [0mType 'Promise<Pledge>[]' is not assignable to type 'Pledge[]'.
  Type 'Promise<Pledge>' is missing the following properties from type 'Pledge': candidateId, title, content, school, and 33 more.

[7m265[0m  	[pledges, student] = await Promise.all([pledgesPromise, studentsPromise]);
[7m   [0m [91m 	 ~~~~~~~[0m
[96msrc/controllers/pledgeController.ts[0m:[93m265[0m:[93m13[0m - [91merror[0m[90m TS2304: [0mCannot find name 'student'.

[7m265[0m  	[pledges, student] = await Promise.all([pledgesPromise, studentsPromise]);
[7m   [0m [91m 	          ~~~~~~~[0m

    at createTSError (C:\Users\leelk\OneDrive\ë°”íƒ• í™”ë©´\TypeScript\ts-democracy\node_modules\ts-node\src\index.ts:513:12)
    at reportTSError (C:\Users\leelk\OneDrive\ë°”íƒ• í™”ë©´\TypeScript\ts-democracy\node_modules\ts-node\src\index.ts:517:19)
    at getOutput (C:\Users\leelk\OneDrive\ë°”íƒ• í™”ë©´\TypeScript\ts-democracy\node_modules\ts-node\src\index.ts:752:36)
    at Object.compile (C:\Users\leelk\OneDrive\ë°”íƒ• í™”ë©´\TypeScript\ts-democracy\node_modules\ts-node\src\index.ts:968:32)
    at Module.m._compile (C:\Users\leelk\OneDrive\ë°”íƒ• í™”ë©´\TypeScript\ts-democracy\node_modules\ts-node\src\index.ts:1056:42)
    at Module._extensions..js (internal/modules/cjs/loader.js:1158:10)
    at Object.require.extensions.<computed> [as .ts] (C:\Users\leelk\OneDrive\ë°”íƒ• í™”ë©´\TypeScript\ts-democracy\node_modules\ts-node\src\index.ts:1059:12)
    at Module.load (internal/modules/cjs/loader.js:986:32)
    at Function.Module._load (internal/modules/cjs/loader.js:879:14)
    at Module.require (internal/modules/cjs/loader.js:1026:19)
2021-01-20 16:17:39 [logs] error: uncaughtException: â¨¯ Unable to compile TypeScript:
[96msrc/controllers/pledgeController.ts[0m:[93m273[0m:[93m4[0m - [91merror[0m[90m TS2322: [0mType 'Promise<Pledge>[]' is not assignable to type 'Pledge[]'.
  Type 'Promise<Pledge>' is missing the following properties from type 'Pledge': candidateId, title, content, school, and 33 more.

[7m273[0m  	[pledges, students] = await Promise.all([pledgesPromise, studentsPromise]);
[7m   [0m [91m 	 ~~~~~~~[0m
[96msrc/controllers/pledgeController.ts[0m:[93m273[0m:[93m13[0m - [91merror[0m[90m TS2588: [0mCannot assign to 'students' because it is a constant.

[7m273[0m  	[pledges, students] = await Promise.all([pledgesPromise, studentsPromise]);
[7m   [0m [91m 	          ~~~~~~~~[0m

TSError: â¨¯ Unable to compile TypeScript:
[96msrc/controllers/pledgeController.ts[0m:[93m273[0m:[93m4[0m - [91merror[0m[90m TS2322: [0mType 'Promise<Pledge>[]' is not assignable to type 'Pledge[]'.
  Type 'Promise<Pledge>' is missing the following properties from type 'Pledge': candidateId, title, content, school, and 33 more.

[7m273[0m  	[pledges, students] = await Promise.all([pledgesPromise, studentsPromise]);
[7m   [0m [91m 	 ~~~~~~~[0m
[96msrc/controllers/pledgeController.ts[0m:[93m273[0m:[93m13[0m - [91merror[0m[90m TS2588: [0mCannot assign to 'students' because it is a constant.

[7m273[0m  	[pledges, students] = await Promise.all([pledgesPromise, studentsPromise]);
[7m   [0m [91m 	          ~~~~~~~~[0m

    at createTSError (C:\Users\leelk\OneDrive\ë°”íƒ• í™”ë©´\TypeScript\ts-democracy\node_modules\ts-node\src\index.ts:513:12)
    at reportTSError (C:\Users\leelk\OneDrive\ë°”íƒ• í™”ë©´\TypeScript\ts-democracy\node_modules\ts-node\src\index.ts:517:19)
    at getOutput (C:\Users\leelk\OneDrive\ë°”íƒ• í™”ë©´\TypeScript\ts-democracy\node_modules\ts-node\src\index.ts:752:36)
    at Object.compile (C:\Users\leelk\OneDrive\ë°”íƒ• í™”ë©´\TypeScript\ts-democracy\node_modules\ts-node\src\index.ts:968:32)
    at Module.m._compile (C:\Users\leelk\OneDrive\ë°”íƒ• í™”ë©´\TypeScript\ts-democracy\node_modules\ts-node\src\index.ts:1056:42)
    at Module._extensions..js (internal/modules/cjs/loader.js:1158:10)
    at Object.require.extensions.<computed> [as .ts] (C:\Users\leelk\OneDrive\ë°”íƒ• í™”ë©´\TypeScript\ts-democracy\node_modules\ts-node\src\index.ts:1059:12)
    at Module.load (internal/modules/cjs/loader.js:986:32)
    at Function.Module._load (internal/modules/cjs/loader.js:879:14)
    at Module.require (internal/modules/cjs/loader.js:1026:19)
